app/build/outputs/logs/manifest-merger-debug-report.txt
-- Merging decision tree log ---
manifest
ADDED from src\main\AndroidManifest.xml:2:1-59:12
INJECTED from src\main\AndroidManifest.xml:2:1-59:12
INJECTED from src\main\AndroidManifest.xml:2:1-59:12
INJECTED from src\main\AndroidManifest.xml:2:1-59:12
MERGED from [com.rvalerio:fgchecker:1.1.0] AndroidManifest.xml:2:1-11:12
MERGED from [com.android.support:appcompat-v7:28.0.0-alpha1] AndroidManifest.xml:17:1-23:12
MERGED from [com.android.support.constraint:constraint-layout:1.1.0] AndroidManifest.xml:2:1-11:12
MERGED from [com.google.android.gms:play-services-location:15.0.1] AndroidManifest.xml:2:1-9:12
MERGED from [com.google.android.gms:play-services-base:15.0.1] AndroidManifest.xml:17:1-29:12
MERGED from [com.google.android.gms:play-services-places-placereport:15.0.1] AndroidManifest.xml:17:1-24:12
MERGED from [com.google.android.gms:play-services-tasks:15.0.1] AndroidManifest.xml:2:1-9:12
MERGED from [com.google.android.gms:play-services-basement:15.0.1] AndroidManifest.xml:17:1-28:12
MERGED from [com.android.support:support-v4:26.1.0] AndroidManifest.xml:17:1-31:12
MERGED from [com.android.support:support-media-compat:26.1.0] AndroidManifest.xml:17:1-31:12
MERGED from [com.android.support:animated-vector-drawable:28.0.0-alpha1] AndroidManifest.xml:17:1-23:12
MERGED from [com.android.support:support-vector-drawable:28.0.0-alpha1] AndroidManifest.xml:17:1-22:12
MERGED from [com.android.support:support-fragment:28.0.0-alpha1] AndroidManifest.xml:17:1-23:12
MERGED from [com.android.support:support-core-ui:28.0.0-alpha1] AndroidManifest.xml:17:1-23:12
MERGED from [com.android.support:support-core-utils:28.0.0-alpha1] AndroidManifest.xml:17:1-23:12
MERGED from [com.android.support:documentfile:28.0.0-alpha1] AndroidManifest.xml:17:1-23:12
MERGED from [com.android.support:loader:28.0.0-alpha1] AndroidManifest.xml:17:1-23:12
MERGED from [com.android.support:localbroadcastmanager:28.0.0-alpha1] AndroidManifest.xml:17:1-23:12
MERGED from [com.android.support:print:28.0.0-alpha1] AndroidManifest.xml:17:1-23:12
MERGED from [com.android.support:viewpager:28.0.0-alpha1] AndroidManifest.xml:17:1-23:12
MERGED from [com.android.support:coordinatorlayout:28.0.0-alpha1] AndroidManifest.xml:17:1-23:12
MERGED from [com.android.support:drawerlayout:28.0.0-alpha1] AndroidManifest.xml:17:1-23:12
MERGED from [com.android.support:slidingpanelayout:28.0.0-alpha1] AndroidManifest.xml:17:1-23:12
MERGED from [com.android.support:customview:28.0.0-alpha1] AndroidManifest.xml:17:1-23:12
MERGED from [com.android.support:swiperefreshlayout:28.0.0-alpha1] AndroidManifest.xml:17:1-23:12
MERGED from [com.android.support:asynclayoutinflater:28.0.0-alpha1] AndroidManifest.xml:17:1-23:12
MERGED from [com.android.support:support-compat:28.0.0-alpha1] AndroidManifest.xml:17:1-23:12
MERGED from [com.android.support:interpolator:28.0.0-alpha1] AndroidManifest.xml:17:1-23:12
MERGED from [com.android.support:cursoradapter:28.0.0-alpha1] AndroidManifest.xml:17:1-23:12
MERGED from [android.arch.lifecycle:runtime:1.1.0] AndroidManifest.xml:17:1-22:12
MERGED from [android.arch.lifecycle:livedata-core:1.1.0] AndroidManifest.xml:17:1-22:12
MERGED from [android.arch.core:runtime:1.1.0] AndroidManifest.xml:17:1-22:12
MERGED from [android.arch.lifecycle:viewmodel:1.1.0] AndroidManifest.xml:17:1-22:12
INJECTED from src\main\AndroidManifest.xml:2:1-59:12
INJECTED from src\main\AndroidManifest.xml:2:1-59:12
INJECTED from src\main\AndroidManifest.xml:2:1-59:12
	package
		ADDED from src\main\AndroidManifest.xml:4:5-49
		INJECTED from src\main\AndroidManifest.xml
		INJECTED from src\main\AndroidManifest.xml
	android:versionName
		INJECTED from src\main\AndroidManifest.xml
		ADDED from src\main\AndroidManifest.xml:2:1-59:12
		INJECTED from src\main\AndroidManifest.xml
	xmlns:tools
		ADDED from src\main\AndroidManifest.xml:3:5-51
	android:versionCode
		INJECTED from src\main\AndroidManifest.xml
		ADDED from src\main\AndroidManifest.xml:2:1-59:12
		INJECTED from src\main\AndroidManifest.xml
	xmlns:android
		ADDED from src\main\AndroidManifest.xml:2:11-69
uses-permission#android.permission.ACCESS_WIFI_STATE
ADDED from src\main\AndroidManifest.xml:5:5-76
	android:name
		ADDED from src\main\AndroidManifest.xml:5:22-73
uses-permission#android.permission.CHANGE_WIFI_STATE
ADDED from src\main\AndroidManifest.xml:6:5-76
	android:name
		ADDED from src\main\AndroidManifest.xml:6:22-73
uses-permission#android.permission.ACCESS_FINE_LOCATION
ADDED from src\main\AndroidManifest.xml:7:5-79
	android:name
		ADDED from src\main\AndroidManifest.xml:7:22-76
uses-permission#android.permission.CHANGE_NETWORK_STATE
ADDED from src\main\AndroidManifest.xml:8:5-79
	android:name
		ADDED from src\main\AndroidManifest.xml:8:22-76
uses-permission#android.permission.INTERNET
ADDED from src\main\AndroidManifest.xml:9:5-67
	android:name
		ADDED from src\main\AndroidManifest.xml:9:22-64
uses-permission#android.permission.ACCESS_NETWORK_STATE
ADDED from src\main\AndroidManifest.xml:10:5-79
	android:name
		ADDED from src\main\AndroidManifest.xml:10:22-76
uses-permission#android.permission.ACCESS_COARSE_LOCATION
ADDED from src\main\AndroidManifest.xml:11:5-81
	android:name
		ADDED from src\main\AndroidManifest.xml:11:22-78
uses-permission#android.permission.PACKAGE_USAGE_STATS
ADDED from src\main\AndroidManifest.xml:12:5-13:47
	tools:ignore
		ADDED from src\main\AndroidManifest.xml:13:9-44
	android:name
		ADDED from src\main\AndroidManifest.xml:12:22-75
uses-permission#android.permission.GET_TASKS
ADDED from src\main\AndroidManifest.xml:14:5-68
	android:name
		ADDED from src\main\AndroidManifest.xml:14:22-65
uses-permission#android.permission.REORDER_TASKS
ADDED from src\main\AndroidManifest.xml:15:5-72
	android:name
		ADDED from src\main\AndroidManifest.xml:15:22-69
uses-permission#android.permission.FOREGROUND_SERVICE
ADDED from src\main\AndroidManifest.xml:16:5-76
	android:name
		ADDED from src\main\AndroidManifest.xml:16:22-74
uses-permission#android.permission.WAKE_LOCK
ADDED from src\main\AndroidManifest.xml:17:5-68
	android:name
		ADDED from src\main\AndroidManifest.xml:17:22-65
uses-permission#android.permission.RECEIVE_BOOT_COMPLETED
ADDED from src\main\AndroidManifest.xml:18:5-81
	android:name
		ADDED from src\main\AndroidManifest.xml:18:22-78
uses-permission#android.permission.WRITE_EXTERNAL_STORAGE
ADDED from src\main\AndroidManifest.xml:19:5-80
	android:name
		ADDED from src\main\AndroidManifest.xml:19:22-78
application
ADDED from src\main\AndroidManifest.xml:21:5-57:19
MERGED from [com.android.support.constraint:constraint-layout:1.1.0] AndroidManifest.xml:9:5-20
MERGED from [com.android.support.constraint:constraint-layout:1.1.0] AndroidManifest.xml:9:5-20
MERGED from [com.google.android.gms:play-services-location:15.0.1] AndroidManifest.xml:7:5-20
MERGED from [com.google.android.gms:play-services-location:15.0.1] AndroidManifest.xml:7:5-20
MERGED from [com.google.android.gms:play-services-base:15.0.1] AndroidManifest.xml:22:5-27:19
MERGED from [com.google.android.gms:play-services-base:15.0.1] AndroidManifest.xml:22:5-27:19
MERGED from [com.google.android.gms:play-services-places-placereport:15.0.1] AndroidManifest.xml:22:5-20
MERGED from [com.google.android.gms:play-services-places-placereport:15.0.1] AndroidManifest.xml:22:5-20
MERGED from [com.google.android.gms:play-services-tasks:15.0.1] AndroidManifest.xml:7:5-20
MERGED from [com.google.android.gms:play-services-tasks:15.0.1] AndroidManifest.xml:7:5-20
MERGED from [com.google.android.gms:play-services-basement:15.0.1] AndroidManifest.xml:22:5-26:19
MERGED from [com.google.android.gms:play-services-basement:15.0.1] AndroidManifest.xml:22:5-26:19
MERGED from [com.android.support:support-v4:26.1.0] AndroidManifest.xml:25:5-29:19
MERGED from [com.android.support:support-v4:26.1.0] AndroidManifest.xml:25:5-29:19
MERGED from [com.android.support:support-media-compat:26.1.0] AndroidManifest.xml:25:5-29:19
MERGED from [com.android.support:support-media-compat:26.1.0] AndroidManifest.xml:25:5-29:19
	android:supportsRtl
		ADDED from src\main\AndroidManifest.xml:26:9-35
	android:label
		ADDED from src\main\AndroidManifest.xml:24:9-41
	android:roundIcon
		ADDED from src\main\AndroidManifest.xml:25:9-41
	android:icon
		ADDED from src\main\AndroidManifest.xml:23:9-36
	android:allowBackup
		ADDED from src\main\AndroidManifest.xml:22:9-35
	android:theme
		ADDED from src\main\AndroidManifest.xml:27:9-40
activity#com.example.user.phase_wifi_direct.MainActivity
ADDED from src\main\AndroidManifest.xml:28:9-34:20
	android:name
		ADDED from src\main\AndroidManifest.xml:28:19-47
intent-filter#action:name:android.intent.action.MAIN+category:name:android.intent.category.LAUNCHER
ADDED from src\main\AndroidManifest.xml:29:13-33:29
action#android.intent.action.MAIN
ADDED from src\main\AndroidManifest.xml:30:17-69
	android:name
		ADDED from src\main\AndroidManifest.xml:30:25-66
category#android.intent.category.LAUNCHER
ADDED from src\main\AndroidManifest.xml:32:17-77
	android:name
		ADDED from src\main\AndroidManifest.xml:32:27-74
service#com.example.user.phase_wifi_direct.WiFiTwoWay
ADDED from src\main\AndroidManifest.xml:35:9-38:15
	android:enabled
		ADDED from src\main\AndroidManifest.xml:36:13-35
	android:permission
		ADDED from src\main\AndroidManifest.xml:37:13-87
	android:name
		ADDED from src\main\AndroidManifest.xml:35:18-44
service#com.example.user.phase_wifi_direct.NotificationService
ADDED from src\main\AndroidManifest.xml:39:9-45:19
	android:enabled
		ADDED from src\main\AndroidManifest.xml:40:13-35
	android:permission
		ADDED from src\main\AndroidManifest.xml:41:13-87
	android:name
		ADDED from src\main\AndroidManifest.xml:39:18-53
intent-filter#action:name:android.service.notification.NotificationListenerService
ADDED from src\main\AndroidManifest.xml:42:13-44:29
action#android.service.notification.NotificationListenerService
ADDED from src\main\AndroidManifest.xml:43:17-99
	android:name
		ADDED from src\main\AndroidManifest.xml:43:25-96
receiver#com.example.user.phase_wifi_direct.WifiReceiver
ADDED from src\main\AndroidManifest.xml:46:9-50:20
	android:name
		ADDED from src\main\AndroidManifest.xml:46:19-47
intent-filter#action:name:android.net.conn.CONNECTIVITY_CHANGE
ADDED from src\main\AndroidManifest.xml:47:13-49:29
action#android.net.conn.CONNECTIVITY_CHANGE
ADDED from src\main\AndroidManifest.xml:48:17-79
	android:name
		ADDED from src\main\AndroidManifest.xml:48:25-76
receiver#com.example.user.phase_wifi_direct.StartActivityOnBootReceiver
ADDED from src\main\AndroidManifest.xml:51:9-56:20
	android:name
		ADDED from src\main\AndroidManifest.xml:51:19-62
intent-filter#action:name:android.intent.action.BOOT_COMPLETED+action:name:android.intent.action.QUICKBOOT_POWERON
ADDED from src\main\AndroidManifest.xml:52:13-55:29
action#android.intent.action.BOOT_COMPLETED
ADDED from src\main\AndroidManifest.xml:53:17-79
	android:name
		ADDED from src\main\AndroidManifest.xml:53:25-76
action#android.intent.action.QUICKBOOT_POWERON
ADDED from src\main\AndroidManifest.xml:54:17-82
	android:name
		ADDED from src\main\AndroidManifest.xml:54:25-79
uses-sdk
INJECTED from src\main\AndroidManifest.xml reason: use-sdk injection requested
INJECTED from src\main\AndroidManifest.xml
INJECTED from src\main\AndroidManifest.xml
MERGED from [com.rvalerio:fgchecker:1.1.0] AndroidManifest.xml:7:5-9:41
MERGED from [com.rvalerio:fgchecker:1.1.0] AndroidManifest.xml:7:5-9:41
MERGED from [com.android.support:appcompat-v7:28.0.0-alpha1] AndroidManifest.xml:21:5-44
MERGED from [com.android.support:appcompat-v7:28.0.0-alpha1] AndroidManifest.xml:21:5-44
MERGED from [com.android.support.constraint:constraint-layout:1.1.0] AndroidManifest.xml:5:5-7:41
MERGED from [com.android.support.constraint:constraint-layout:1.1.0] AndroidManifest.xml:5:5-7:41
MERGED from [com.google.android.gms:play-services-location:15.0.1] AndroidManifest.xml:5:5-44
MERGED from [com.google.android.gms:play-services-location:15.0.1] AndroidManifest.xml:5:5-44
MERGED from [com.google.android.gms:play-services-base:15.0.1] AndroidManifest.xml:20:5-44
MERGED from [com.google.android.gms:play-services-base:15.0.1] AndroidManifest.xml:20:5-44
MERGED from [com.google.android.gms:play-services-places-placereport:15.0.1] AndroidManifest.xml:20:5-44
MERGED from [com.google.android.gms:play-services-places-placereport:15.0.1] AndroidManifest.xml:20:5-44
MERGED from [com.google.android.gms:play-services-tasks:15.0.1] AndroidManifest.xml:5:5-44
MERGED from [com.google.android.gms:play-services-tasks:15.0.1] AndroidManifest.xml:5:5-44
MERGED from [com.google.android.gms:play-services-basement:15.0.1] AndroidManifest.xml:20:5-44
MERGED from [com.google.android.gms:play-services-basement:15.0.1] AndroidManifest.xml:20:5-44
MERGED from [com.android.support:support-v4:26.1.0] AndroidManifest.xml:21:5-23:54
MERGED from [com.android.support:support-v4:26.1.0] AndroidManifest.xml:21:5-23:54
MERGED from [com.android.support:support-media-compat:26.1.0] AndroidManifest.xml:21:5-23:63
MERGED from [com.android.support:support-media-compat:26.1.0] AndroidManifest.xml:21:5-23:63
MERGED from [com.android.support:animated-vector-drawable:28.0.0-alpha1] AndroidManifest.xml:21:5-44
MERGED from [com.android.support:animated-vector-drawable:28.0.0-alpha1] AndroidManifest.xml:21:5-44
MERGED from [com.android.support:support-vector-drawable:28.0.0-alpha1] AndroidManifest.xml:20:5-44
MERGED from [com.android.support:support-vector-drawable:28.0.0-alpha1] AndroidManifest.xml:20:5-44
MERGED from [com.android.support:support-fragment:28.0.0-alpha1] AndroidManifest.xml:21:5-44
MERGED from [com.android.support:support-fragment:28.0.0-alpha1] AndroidManifest.xml:21:5-44
MERGED from [com.android.support:support-core-ui:28.0.0-alpha1] AndroidManifest.xml:21:5-44
MERGED from [com.android.support:support-core-ui:28.0.0-alpha1] AndroidManifest.xml:21:5-44
MERGED from [com.android.support:support-core-utils:28.0.0-alpha1] AndroidManifest.xml:21:5-44
MERGED from [com.android.support:support-core-utils:28.0.0-alpha1] AndroidManifest.xml:21:5-44
MERGED from [com.android.support:documentfile:28.0.0-alpha1] AndroidManifest.xml:21:5-44
MERGED from [com.android.support:documentfile:28.0.0-alpha1] AndroidManifest.xml:21:5-44
MERGED from [com.android.support:loader:28.0.0-alpha1] AndroidManifest.xml:21:5-44
MERGED from [com.android.support:loader:28.0.0-alpha1] AndroidManifest.xml:21:5-44
MERGED from [com.android.support:localbroadcastmanager:28.0.0-alpha1] AndroidManifest.xml:21:5-44
MERGED from [com.android.support:localbroadcastmanager:28.0.0-alpha1] AndroidManifest.xml:21:5-44
MERGED from [com.android.support:print:28.0.0-alpha1] AndroidManifest.xml:21:5-44
MERGED from [com.android.support:print:28.0.0-alpha1] AndroidManifest.xml:21:5-44
MERGED from [com.android.support:viewpager:28.0.0-alpha1] AndroidManifest.xml:21:5-44
MERGED from [com.android.support:viewpager:28.0.0-alpha1] AndroidManifest.xml:21:5-44
MERGED from [com.android.support:coordinatorlayout:28.0.0-alpha1] AndroidManifest.xml:21:5-44
MERGED from [com.android.support:coordinatorlayout:28.0.0-alpha1] AndroidManifest.xml:21:5-44
MERGED from [com.android.support:drawerlayout:28.0.0-alpha1] AndroidManifest.xml:21:5-44
MERGED from [com.android.support:drawerlayout:28.0.0-alpha1] AndroidManifest.xml:21:5-44
MERGED from [com.android.support:slidingpanelayout:28.0.0-alpha1] AndroidManifest.xml:21:5-44
MERGED from [com.android.support:slidingpanelayout:28.0.0-alpha1] AndroidManifest.xml:21:5-44
MERGED from [com.android.support:customview:28.0.0-alpha1] AndroidManifest.xml:21:5-44
MERGED from [com.android.support:customview:28.0.0-alpha1] AndroidManifest.xml:21:5-44
MERGED from [com.android.support:swiperefreshlayout:28.0.0-alpha1] AndroidManifest.xml:21:5-44
MERGED from [com.android.support:swiperefreshlayout:28.0.0-alpha1] AndroidManifest.xml:21:5-44
MERGED from [com.android.support:asynclayoutinflater:28.0.0-alpha1] AndroidManifest.xml:21:5-44
MERGED from [com.android.support:asynclayoutinflater:28.0.0-alpha1] AndroidManifest.xml:21:5-44
MERGED from [com.android.support:support-compat:28.0.0-alpha1] AndroidManifest.xml:21:5-44
MERGED from [com.android.support:support-compat:28.0.0-alpha1] AndroidManifest.xml:21:5-44
MERGED from [com.android.support:interpolator:28.0.0-alpha1] AndroidManifest.xml:21:5-44
MERGED from [com.android.support:interpolator:28.0.0-alpha1] AndroidManifest.xml:21:5-44
MERGED from [com.android.support:cursoradapter:28.0.0-alpha1] AndroidManifest.xml:21:5-44
MERGED from [com.android.support:cursoradapter:28.0.0-alpha1] AndroidManifest.xml:21:5-44
MERGED from [android.arch.lifecycle:runtime:1.1.0] AndroidManifest.xml:20:5-44
MERGED from [android.arch.lifecycle:runtime:1.1.0] AndroidManifest.xml:20:5-44
MERGED from [android.arch.lifecycle:livedata-core:1.1.0] AndroidManifest.xml:20:5-44
MERGED from [android.arch.lifecycle:livedata-core:1.1.0] AndroidManifest.xml:20:5-44
MERGED from [android.arch.core:runtime:1.1.0] AndroidManifest.xml:20:5-44
MERGED from [android.arch.core:runtime:1.1.0] AndroidManifest.xml:20:5-44
MERGED from [android.arch.lifecycle:viewmodel:1.1.0] AndroidManifest.xml:20:5-44
MERGED from [android.arch.lifecycle:viewmodel:1.1.0] AndroidManifest.xml:20:5-44
INJECTED from src\main\AndroidManifest.xml
INJECTED from src\main\AndroidManifest.xml
	tools:overrideLibrary
		ADDED from [com.android.support:support-v4:26.1.0] AndroidManifest.xml:23:9-51
	android:targetSdkVersion
		INJECTED from src\main\AndroidManifest.xml
		ADDED from src\main\AndroidManifest.xml
		INJECTED from src\main\AndroidManifest.xml
	android:minSdkVersion
		INJECTED from src\main\AndroidManifest.xml
		ADDED from src\main\AndroidManifest.xml
		INJECTED from src\main\AndroidManifest.xml
activity#com.google.android.gms.common.api.GoogleApiActivity
ADDED from [com.google.android.gms:play-services-base:15.0.1] AndroidManifest.xml:23:9-26:75
	android:exported
		ADDED from [com.google.android.gms:play-services-base:15.0.1] AndroidManifest.xml:25:13-37
	android:theme
		ADDED from [com.google.android.gms:play-services-base:15.0.1] AndroidManifest.xml:26:13-72
	android:name
		ADDED from [com.google.android.gms:play-services-base:15.0.1] AndroidManifest.xml:24:13-79
meta-data#com.google.android.gms.version
ADDED from [com.google.android.gms:play-services-basement:15.0.1] AndroidManifest.xml:23:9-25:69
	android:value
		ADDED from [com.google.android.gms:play-services-basement:15.0.1] AndroidManifest.xml:25:13-66
	android:name
		ADDED from [com.google.android.gms:play-services-basement:15.0.1] AndroidManifest.xml:24:13-58
meta-data#android.support.VERSION
ADDED from [com.android.support:support-v4:26.1.0] AndroidManifest.xml:26:9-28:38
MERGED from [com.android.support:support-media-compat:26.1.0] AndroidManifest.xml:26:9-28:38
MERGED from [com.android.support:support-media-compat:26.1.0] AndroidManifest.xml:26:9-28:38
	android:value
		ADDED from [com.android.support:support-v4:26.1.0] AndroidManifest.xml:28:13-35
	android:name
		ADDED from [com.android.support:support-v4:26.1.0] AndroidManifest.xml:27:13-51